notes/build/outputs/logs/manifest-merger-play-release-report.txt
-- Merging decision tree log ---
manifest
ADDED from src\main\AndroidManifest.xml:2:1-260:12
INJECTED from src\main\AndroidManifest.xml:2:1-260:12
INJECTED from src\main\AndroidManifest.xml:2:1-260:12
INJECTED from src\main\AndroidManifest.xml:2:1-260:12
MERGED from [com.appeaser.sublimepickerlibrary:sublimepickerlibrary:2.1.2] AndroidManifest.xml:2:1-14:12
MERGED from [androidx.preference:preference:1.1.0] AndroidManifest.xml:17:1-24:12
MERGED from [com.google.android.material:material:1.0.0] AndroidManifest.xml:17:1-24:12
MERGED from [com.github.afollestad.material-dialogs:commons:0.9.6.0] AndroidManifest.xml:2:1-14:12
MERGED from [com.github.afollestad.material-dialogs:core:0.9.6.0] AndroidManifest.xml:2:1-15:12
MERGED from [com.pnikosis:materialish-progress:1.5] AndroidManifest.xml:2:1-13:12
MERGED from [com.airbnb.android:lottie:3.4.0] AndroidManifest.xml:2:1-11:12
MERGED from [com.github.federicoiosue:simplegallery:3.0.1] AndroidManifest.xml:2:1-17:12
MERGED from [me.zhanghai.android.materialprogressbar:library:1.4.2] AndroidManifest.xml:6:1-16:12
MERGED from [androidx.appcompat:appcompat:1.1.0] AndroidManifest.xml:17:1-24:12
MERGED from [androidx.constraintlayout:constraintlayout:1.1.3] AndroidManifest.xml:2:1-11:12
MERGED from [com.larswerkman:HoloColorPicker:1.4] AndroidManifest.xml:1:68-5:12
MERGED from [de.keyboardsurfer.android.widget:crouton:1.8.4] AndroidManifest.xml:15:116-18:12
MERGED from [com.felipecsl.asymmetricgridview:library:2.0.1] AndroidManifest.xml:2:1-12:12
MERGED from [ch.acra:acra-http:5.4.0] AndroidManifest.xml:17:1-27:12
MERGED from [ch.acra:acra-toast:5.4.0] AndroidManifest.xml:17:1-25:12
MERGED from [com.github.gabrielemariotti.changeloglib:changelog:2.0.0] AndroidManifest.xml:2:1-13:12
MERGED from [androidx.multidex:multidex:2.0.0] AndroidManifest.xml:17:1-22:12
MERGED from [com.pushbullet:android-extensions:1.0.4] AndroidManifest.xml:2:1-11:12
MERGED from [com.getbase:floatingactionbutton:1.10.1] AndroidManifest.xml:2:1-14:12
MERGED from [com.nhaarman.listviewanimations:lib-core:3.1.0] AndroidManifest.xml:17:1-29:12
MERGED from [com.nhaarman.listviewanimations:lib-manipulation:3.1.0] AndroidManifest.xml:17:1-31:12
MERGED from [com.github.bumptech.glide:glide:4.8.0] AndroidManifest.xml:2:1-12:12
MERGED from [com.jakewharton:butterknife:10.2.1] AndroidManifest.xml:2:1-7:12
MERGED from [com.github.paolorotolo:appintro:1.3.0] AndroidManifest.xml:2:1-11:12
MERGED from [io.reactivex:rxandroid:1.0.1] AndroidManifest.xml:15:1-21:12
MERGED from [com.artemzin.rxjava:proguard-rules:1.0.14.2] AndroidManifest.xml:2:1-10:12
MERGED from [com.tbruyelle.rxpermissions:rxpermissions:0.4.2] AndroidManifest.xml:2:1-17:12
MERGED from [com.github.bosphere.android-filelogger:filelogger:1.0.7] AndroidManifest.xml:2:1-10:12
MERGED from [com.github.federicoiosue:checklistview:3.2.1] AndroidManifest.xml:2:1-13:12
MERGED from [com.github.federicoiosue:pixlui:3.0.0] AndroidManifest.xml:2:1-9:12
MERGED from [io.nlopez.smartlocation:library:3.2.4] AndroidManifest.xml:2:1-35:12
MERGED from [com.github.federicoiosue:analitica:0.0.3] AndroidManifest.xml:2:1-14:12
MERGED from [com.google.android.gms:play-services-analytics:9.0.2] AndroidManifest.xml:16:1-28:12
MERGED from [com.google.android.gms:play-services-location:9.0.2] AndroidManifest.xml:16:1-20:12
MERGED from [com.google.android.gms:play-services-analytics-impl:9.0.2] AndroidManifest.xml:16:1-28:12
MERGED from [com.google.android.gms:play-services-maps:9.0.2] AndroidManifest.xml:16:1-28:12
MERGED from [com.google.android.gms:play-services-base:9.0.2] AndroidManifest.xml:16:1-24:12
MERGED from [com.google.firebase:firebase-common:9.0.2] AndroidManifest.xml:2:1-13:12
MERGED from [com.google.android.gms:play-services-tasks:9.0.2] AndroidManifest.xml:2:1-6:12
MERGED from [com.google.android.gms:play-services-basement:9.0.2] AndroidManifest.xml:16:1-26:12
MERGED from [androidx.legacy:legacy-support-v4:1.0.0] AndroidManifest.xml:17:1-22:12
MERGED from [androidx.fragment:fragment:1.1.0] AndroidManifest.xml:17:1-24:12
MERGED from [androidx.appcompat:appcompat-resources:1.1.0] AndroidManifest.xml:17:1-24:12
MERGED from [androidx.recyclerview:recyclerview:1.0.0] AndroidManifest.xml:17:1-22:12
MERGED from [androidx.gridlayout:gridlayout:1.0.0] AndroidManifest.xml:17:1-22:12
MERGED from [androidx.legacy:legacy-support-core-ui:1.0.0] AndroidManifest.xml:17:1-22:12
MERGED from [androidx.drawerlayout:drawerlayout:1.0.0] AndroidManifest.xml:17:1-22:12
MERGED from [androidx.legacy:legacy-support-core-utils:1.0.0] AndroidManifest.xml:17:1-22:12
MERGED from [androidx.transition:transition:1.0.0] AndroidManifest.xml:17:1-22:12
MERGED from [com.jakewharton:butterknife-runtime:10.2.1] AndroidManifest.xml:2:1-7:12
MERGED from [androidx.viewpager:viewpager:1.0.0] AndroidManifest.xml:17:1-22:12
MERGED from [androidx.loader:loader:1.0.0] AndroidManifest.xml:17:1-22:12
MERGED from [androidx.activity:activity:1.0.0] AndroidManifest.xml:17:1-24:12
MERGED from [androidx.vectordrawable:vectordrawable-animated:1.1.0] AndroidManifest.xml:17:1-24:12
MERGED from [androidx.vectordrawable:vectordrawable:1.1.0] AndroidManifest.xml:17:1-24:12
MERGED from [androidx.coordinatorlayout:coordinatorlayout:1.0.0] AndroidManifest.xml:17:1-22:12
MERGED from [androidx.slidingpanelayout:slidingpanelayout:1.0.0] AndroidManifest.xml:17:1-22:12
MERGED from [androidx.customview:customview:1.0.0] AndroidManifest.xml:17:1-22:12
MERGED from [androidx.media:media:1.0.0] AndroidManifest.xml:17:1-22:12
MERGED from [androidx.swiperefreshlayout:swiperefreshlayout:1.0.0] AndroidManifest.xml:17:1-22:12
MERGED from [androidx.asynclayoutinflater:asynclayoutinflater:1.0.0] AndroidManifest.xml:17:1-22:12
MERGED from [androidx.core:core:1.1.0] AndroidManifest.xml:17:1-26:12
MERGED from [androidx.cursoradapter:cursoradapter:1.0.0] AndroidManifest.xml:17:1-22:12
MERGED from [androidx.cardview:cardview:1.0.0] AndroidManifest.xml:17:1-22:12
MERGED from [androidx.versionedparcelable:versionedparcelable:1.1.0] AndroidManifest.xml:17:1-27:12
MERGED from [ch.acra:acra-core:5.4.0] AndroidManifest.xml:17:1-48:12
MERGED from [androidx.interpolator:interpolator:1.0.0] AndroidManifest.xml:17:1-22:12
MERGED from [androidx.documentfile:documentfile:1.0.0] AndroidManifest.xml:17:1-22:12
MERGED from [androidx.localbroadcastmanager:localbroadcastmanager:1.0.0] AndroidManifest.xml:17:1-22:12
MERGED from [androidx.print:print:1.0.0] AndroidManifest.xml:17:1-22:12
MERGED from [com.github.bumptech.glide:gifdecoder:4.8.0] AndroidManifest.xml:2:1-11:12
MERGED from [androidx.lifecycle:lifecycle-runtime:2.1.0] AndroidManifest.xml:17:1-22:12
MERGED from [androidx.lifecycle:lifecycle-viewmodel:2.1.0] AndroidManifest.xml:17:1-22:12
MERGED from [androidx.savedstate:savedstate:1.0.0] AndroidManifest.xml:17:1-24:12
MERGED from [androidx.lifecycle:lifecycle-livedata:2.0.0] AndroidManifest.xml:17:1-22:12
MERGED from [androidx.lifecycle:lifecycle-livedata-core:2.0.0] AndroidManifest.xml:17:1-22:12
MERGED from [androidx.arch.core:core-runtime:2.0.0] AndroidManifest.xml:17:1-22:12
INJECTED from src\main\AndroidManifest.xml:2:1-260:12
INJECTED from src\main\AndroidManifest.xml:2:1-260:12
INJECTED from src\main\AndroidManifest.xml:2:1-260:12
	package
		ADDED from src\main\AndroidManifest.xml:4:5-48
		INJECTED from src\main\AndroidManifest.xml
		INJECTED from src\main\AndroidManifest.xml
	android:versionName
		INJECTED from src\main\AndroidManifest.xml
		ADDED from src\main\AndroidManifest.xml:2:1-260:12
		INJECTED from src\main\AndroidManifest.xml
	xmlns:tools
		ADDED from src\main\AndroidManifest.xml:3:5-51
	android:versionCode
		INJECTED from src\main\AndroidManifest.xml
		ADDED from src\main\AndroidManifest.xml:2:1-260:12
		INJECTED from src\main\AndroidManifest.xml
	xmlns:android
		ADDED from src\main\AndroidManifest.xml:2:11-69
uses-permission#android.permission.INTERNET
ADDED from src\main\AndroidManifest.xml:6:5-67
MERGED from [ch.acra:acra-http:5.4.0] AndroidManifest.xml:25:5-67
MERGED from [ch.acra:acra-http:5.4.0] AndroidManifest.xml:25:5-67
MERGED from [com.github.federicoiosue:analitica:0.0.3] AndroidManifest.xml:11:5-67
MERGED from [com.github.federicoiosue:analitica:0.0.3] AndroidManifest.xml:11:5-67
MERGED from [com.google.android.gms:play-services-analytics:9.0.2] AndroidManifest.xml:21:5-67
MERGED from [com.google.android.gms:play-services-analytics:9.0.2] AndroidManifest.xml:21:5-67
MERGED from [com.google.android.gms:play-services-analytics-impl:9.0.2] AndroidManifest.xml:21:5-67
MERGED from [com.google.android.gms:play-services-analytics-impl:9.0.2] AndroidManifest.xml:21:5-67
MERGED from [com.google.android.gms:play-services-maps:9.0.2] AndroidManifest.xml:21:5-66
MERGED from [com.google.android.gms:play-services-maps:9.0.2] AndroidManifest.xml:21:5-66
	android:name
		ADDED from src\main\AndroidManifest.xml:6:22-64
uses-permission#android.permission.ACCESS_COARSE_LOCATION
ADDED from src\main\AndroidManifest.xml:7:5-81
MERGED from [io.nlopez.smartlocation:library:3.2.4] AndroidManifest.xml:12:5-81
MERGED from [io.nlopez.smartlocation:library:3.2.4] AndroidManifest.xml:12:5-81
	android:name
		ADDED from src\main\AndroidManifest.xml:7:22-78
uses-permission#android.permission.ACCESS_FINE_LOCATION
ADDED from src\main\AndroidManifest.xml:8:5-79
MERGED from [io.nlopez.smartlocation:library:3.2.4] AndroidManifest.xml:14:5-79
MERGED from [io.nlopez.smartlocation:library:3.2.4] AndroidManifest.xml:14:5-79
	android:name
		ADDED from src\main\AndroidManifest.xml:8:22-76
uses-permission#android.permission.ACCESS_NETWORK_STATE
ADDED from src\main\AndroidManifest.xml:9:5-79
MERGED from [io.nlopez.smartlocation:library:3.2.4] AndroidManifest.xml:13:5-79
MERGED from [io.nlopez.smartlocation:library:3.2.4] AndroidManifest.xml:13:5-79
MERGED from [com.github.federicoiosue:analitica:0.0.3] AndroidManifest.xml:12:5-79
MERGED from [com.github.federicoiosue:analitica:0.0.3] AndroidManifest.xml:12:5-79
MERGED from [com.google.android.gms:play-services-analytics:9.0.2] AndroidManifest.xml:22:5-79
MERGED from [com.google.android.gms:play-services-analytics:9.0.2] AndroidManifest.xml:22:5-79
MERGED from [com.google.android.gms:play-services-analytics-impl:9.0.2] AndroidManifest.xml:22:5-79
MERGED from [com.google.android.gms:play-services-analytics-impl:9.0.2] AndroidManifest.xml:22:5-79
MERGED from [com.google.android.gms:play-services-maps:9.0.2] AndroidManifest.xml:20:5-78
MERGED from [com.google.android.gms:play-services-maps:9.0.2] AndroidManifest.xml:20:5-78
	android:name
		ADDED from src\main\AndroidManifest.xml:9:22-76
uses-permission#android.permission.WRITE_EXTERNAL_STORAGE
ADDED from src\main\AndroidManifest.xml:10:5-81
	android:name
		ADDED from src\main\AndroidManifest.xml:10:22-78
uses-permission#android.permission.VIBRATE
ADDED from src\main\AndroidManifest.xml:11:5-66
MERGED from [com.github.federicoiosue:checklistview:3.2.1] AndroidManifest.xml:11:5-66
MERGED from [com.github.federicoiosue:checklistview:3.2.1] AndroidManifest.xml:11:5-66
	android:name
		ADDED from src\main\AndroidManifest.xml:11:22-63
uses-permission#android.permission.RECEIVE_BOOT_COMPLETED
ADDED from src\main\AndroidManifest.xml:12:5-81
	android:name
		ADDED from src\main\AndroidManifest.xml:12:22-78
uses-permission#android.permission.RECORD_AUDIO
ADDED from src\main\AndroidManifest.xml:13:5-71
	android:name
		ADDED from src\main\AndroidManifest.xml:13:22-68
uses-permission#android.permission.READ_EXTERNAL_STORAGE
ADDED from src\main\AndroidManifest.xml:14:5-80
	android:name
		ADDED from src\main\AndroidManifest.xml:14:22-77
uses-permission#com.android.alarm.permission.SET_ALARM
ADDED from src\main\AndroidManifest.xml:15:5-78
	android:name
		ADDED from src\main\AndroidManifest.xml:15:22-75
uses-permission#com.google.android.apps.photos.permission.GOOGLE_PHOTOS
ADDED from src\main\AndroidManifest.xml:16:5-95
	android:name
		ADDED from src\main\AndroidManifest.xml:16:22-92
uses-permission#com.android.launcher.permission.INSTALL_SHORTCUT
ADDED from src\main\AndroidManifest.xml:17:5-88
	android:name
		ADDED from src\main\AndroidManifest.xml:17:22-85
uses-permission#com.android.launcher.permission.UNINSTALL_SHORTCUT
ADDED from src\main\AndroidManifest.xml:18:5-90
	android:name
		ADDED from src\main\AndroidManifest.xml:18:22-87
uses-permission#com.pushbullet.android.permission.READ_MESSAGING_EXTENSION_DATA
ADDED from src\main\AndroidManifest.xml:19:5-103
	android:name
		ADDED from src\main\AndroidManifest.xml:19:22-100
uses-permission#com.pushbullet.android.permission.SEND_MESSAGES
ADDED from src\main\AndroidManifest.xml:20:5-87
	android:name
		ADDED from src\main\AndroidManifest.xml:20:22-84
uses-permission#android.permission.WAKE_LOCK
ADDED from src\main\AndroidManifest.xml:21:5-68
MERGED from [com.google.android.gms:play-services-analytics:9.0.2] AndroidManifest.xml:25:5-67
MERGED from [com.google.android.gms:play-services-analytics:9.0.2] AndroidManifest.xml:25:5-67
MERGED from [com.google.android.gms:play-services-analytics-impl:9.0.2] AndroidManifest.xml:25:5-67
MERGED from [com.google.android.gms:play-services-analytics-impl:9.0.2] AndroidManifest.xml:25:5-67
	android:name
		ADDED from src\main\AndroidManifest.xml:21:22-65
uses-feature#android.hardware.camera
ADDED from src\main\AndroidManifest.xml:23:5-25:36
	android:required
		ADDED from src\main\AndroidManifest.xml:25:9-33
	android:name
		ADDED from src\main\AndroidManifest.xml:24:9-47
uses-feature#android.hardware.location.gps
ADDED from src\main\AndroidManifest.xml:26:5-28:36
	android:required
		ADDED from src\main\AndroidManifest.xml:28:9-33
	android:name
		ADDED from src\main\AndroidManifest.xml:27:9-53
application
ADDED from src\main\AndroidManifest.xml:30:5-258:19
MERGED from [com.appeaser.sublimepickerlibrary:sublimepickerlibrary:2.1.2] AndroidManifest.xml:11:5-12:19
MERGED from [com.appeaser.sublimepickerlibrary:sublimepickerlibrary:2.1.2] AndroidManifest.xml:11:5-12:19
MERGED from [com.google.android.material:material:1.0.0] AndroidManifest.xml:22:5-20
MERGED from [com.google.android.material:material:1.0.0] AndroidManifest.xml:22:5-20
MERGED from [com.github.afollestad.material-dialogs:commons:0.9.6.0] AndroidManifest.xml:12:5-20
MERGED from [com.github.afollestad.material-dialogs:commons:0.9.6.0] AndroidManifest.xml:12:5-20
MERGED from [com.github.afollestad.material-dialogs:core:0.9.6.0] AndroidManifest.xml:13:5-20
MERGED from [com.github.afollestad.material-dialogs:core:0.9.6.0] AndroidManifest.xml:13:5-20
MERGED from [com.pnikosis:materialish-progress:1.5] AndroidManifest.xml:11:5-20
MERGED from [com.pnikosis:materialish-progress:1.5] AndroidManifest.xml:11:5-20
MERGED from [com.airbnb.android:lottie:3.4.0] AndroidManifest.xml:9:5-20
MERGED from [com.airbnb.android:lottie:3.4.0] AndroidManifest.xml:9:5-20
MERGED from [com.github.federicoiosue:simplegallery:3.0.1] AndroidManifest.xml:11:5-15:19
MERGED from [com.github.federicoiosue:simplegallery:3.0.1] AndroidManifest.xml:11:5-15:19
MERGED from [androidx.constraintlayout:constraintlayout:1.1.3] AndroidManifest.xml:9:5-20
MERGED from [androidx.constraintlayout:constraintlayout:1.1.3] AndroidManifest.xml:9:5-20
MERGED from [com.felipecsl.asymmetricgridview:library:2.0.1] AndroidManifest.xml:10:5-20
MERGED from [com.felipecsl.asymmetricgridview:library:2.0.1] AndroidManifest.xml:10:5-20
MERGED from [com.github.gabrielemariotti.changeloglib:changelog:2.0.0] AndroidManifest.xml:11:5-20
MERGED from [com.github.gabrielemariotti.changeloglib:changelog:2.0.0] AndroidManifest.xml:11:5-20
MERGED from [com.pushbullet:android-extensions:1.0.4] AndroidManifest.xml:9:5-20
MERGED from [com.pushbullet:android-extensions:1.0.4] AndroidManifest.xml:9:5-20
MERGED from [com.getbase:floatingactionbutton:1.10.1] AndroidManifest.xml:12:5-20
MERGED from [com.getbase:floatingactionbutton:1.10.1] AndroidManifest.xml:12:5-20
MERGED from [com.nhaarman.listviewanimations:lib-core:3.1.0] AndroidManifest.xml:26:5-27:19
MERGED from [com.nhaarman.listviewanimations:lib-core:3.1.0] AndroidManifest.xml:26:5-27:19
MERGED from [com.nhaarman.listviewanimations:lib-manipulation:3.1.0] AndroidManifest.xml:26:5-29:19
MERGED from [com.nhaarman.listviewanimations:lib-manipulation:3.1.0] AndroidManifest.xml:26:5-29:19
MERGED from [com.github.bumptech.glide:glide:4.8.0] AndroidManifest.xml:10:5-20
MERGED from [com.github.bumptech.glide:glide:4.8.0] AndroidManifest.xml:10:5-20
MERGED from [com.tbruyelle.rxpermissions:rxpermissions:0.4.2] AndroidManifest.xml:10:5-15:19
MERGED from [com.tbruyelle.rxpermissions:rxpermissions:0.4.2] AndroidManifest.xml:10:5-15:19
MERGED from [com.github.bosphere.android-filelogger:filelogger:1.0.7] AndroidManifest.xml:7:5-8:19
MERGED from [com.github.bosphere.android-filelogger:filelogger:1.0.7] AndroidManifest.xml:7:5-8:19
MERGED from [io.nlopez.smartlocation:library:3.2.4] AndroidManifest.xml:18:5-33:19
MERGED from [io.nlopez.smartlocation:library:3.2.4] AndroidManifest.xml:18:5-33:19
MERGED from [com.google.android.gms:play-services-analytics:9.0.2] AndroidManifest.xml:27:5-20
MERGED from [com.google.android.gms:play-services-analytics:9.0.2] AndroidManifest.xml:27:5-20
MERGED from [com.google.android.gms:play-services-location:9.0.2] AndroidManifest.xml:19:5-20
MERGED from [com.google.android.gms:play-services-location:9.0.2] AndroidManifest.xml:19:5-20
MERGED from [com.google.android.gms:play-services-analytics-impl:9.0.2] AndroidManifest.xml:27:5-20
MERGED from [com.google.android.gms:play-services-analytics-impl:9.0.2] AndroidManifest.xml:27:5-20
MERGED from [com.google.android.gms:play-services-maps:9.0.2] AndroidManifest.xml:27:5-20
MERGED from [com.google.android.gms:play-services-maps:9.0.2] AndroidManifest.xml:27:5-20
MERGED from [com.google.android.gms:play-services-base:9.0.2] AndroidManifest.xml:19:5-23:19
MERGED from [com.google.android.gms:play-services-base:9.0.2] AndroidManifest.xml:19:5-23:19
MERGED from [com.google.firebase:firebase-common:9.0.2] AndroidManifest.xml:5:5-12:19
MERGED from [com.google.firebase:firebase-common:9.0.2] AndroidManifest.xml:5:5-12:19
MERGED from [com.google.android.gms:play-services-tasks:9.0.2] AndroidManifest.xml:5:5-20
MERGED from [com.google.android.gms:play-services-tasks:9.0.2] AndroidManifest.xml:5:5-20
MERGED from [com.google.android.gms:play-services-basement:9.0.2] AndroidManifest.xml:20:5-24:19
MERGED from [com.google.android.gms:play-services-basement:9.0.2] AndroidManifest.xml:20:5-24:19
MERGED from [androidx.core:core:1.1.0] AndroidManifest.xml:24:5-89
MERGED from [androidx.core:core:1.1.0] AndroidManifest.xml:24:5-89
MERGED from [androidx.versionedparcelable:versionedparcelable:1.1.0] AndroidManifest.xml:24:5-25:19
MERGED from [androidx.versionedparcelable:versionedparcelable:1.1.0] AndroidManifest.xml:24:5-25:19
MERGED from [ch.acra:acra-core:5.4.0] AndroidManifest.xml:26:5-46:19
MERGED from [ch.acra:acra-core:5.4.0] AndroidManifest.xml:26:5-46:19
MERGED from [com.github.bumptech.glide:gifdecoder:4.8.0] AndroidManifest.xml:9:5-20
MERGED from [com.github.bumptech.glide:gifdecoder:4.8.0] AndroidManifest.xml:9:5-20
	android:appComponentFactory
		ADDED from [androidx.core:core:1.1.0] AndroidManifest.xml:24:18-86
	android:supportsRtl
		ADDED from src\main\AndroidManifest.xml:36:9-35
	android:label
		ADDED from src\main\AndroidManifest.xml:34:9-41
	android:largeHeap
		ADDED from src\main\AndroidManifest.xml:35:9-33
	android:icon
		ADDED from src\main\AndroidManifest.xml:33:9-43
	android:allowBackup
		ADDED from src\main\AndroidManifest.xml:32:9-35
	android:theme
		ADDED from src\main\AndroidManifest.xml:37:9-62
		REJECTED from [com.github.federicoiosue:simplegallery:3.0.1] AndroidManifest.xml:14:9-40
	tools:replace
		ADDED from src\main\AndroidManifest.xml:38:9-38
	android:name
		ADDED from src\main\AndroidManifest.xml:31:9-67
activity#com.absolute.android.notescentral.LoadingActivity
ADDED from src\main\AndroidManifest.xml:39:9-45:20
	android:name
		ADDED from src\main\AndroidManifest.xml:39:19-83
intent-filter#action:name:android.intent.action.MAIN+category:name:android.intent.category.LAUNCHER
ADDED from src\main\AndroidManifest.xml:40:13-44:29
action#android.intent.action.MAIN
ADDED from src\main\AndroidManifest.xml:41:17-69
	android:name
		ADDED from src\main\AndroidManifest.xml:41:25-66
category#android.intent.category.LAUNCHER
ADDED from src\main\AndroidManifest.xml:43:17-77
	android:name
		ADDED from src\main\AndroidManifest.xml:43:27-74
meta-data#android.app.default_searchable
ADDED from src\main\AndroidManifest.xml:47:9-49:45
	android:value
		ADDED from src\main\AndroidManifest.xml:49:13-42
	android:name
		ADDED from src\main\AndroidManifest.xml:48:13-58
meta-data#com.google.android.gms.version
ADDED from src\main\AndroidManifest.xml:50:9-53:45
MERGED from [io.nlopez.smartlocation:library:3.2.4] AndroidManifest.xml:29:9-32:45
MERGED from [io.nlopez.smartlocation:library:3.2.4] AndroidManifest.xml:29:9-32:45
MERGED from [com.google.android.gms:play-services-basement:9.0.2] AndroidManifest.xml:21:9-23:69
MERGED from [com.google.android.gms:play-services-basement:9.0.2] AndroidManifest.xml:21:9-23:69
	tools:replace
		ADDED from src\main\AndroidManifest.xml:53:13-42
	android:value
		ADDED from src\main\AndroidManifest.xml:52:13-66
		REJECTED from [io.nlopez.smartlocation:library:3.2.4] AndroidManifest.xml:31:13-36
		REJECTED from [com.google.android.gms:play-services-basement:9.0.2] AndroidManifest.xml:23:13-66
	android:name
		ADDED from src\main\AndroidManifest.xml:51:13-58
activity#com.absolute.android.notescentral.MainActivity
ADDED from src\main\AndroidManifest.xml:57:9-100:20
	android:label
		ADDED from src\main\AndroidManifest.xml:60:13-45
	android:launchMode
		ADDED from src\main\AndroidManifest.xml:61:13-43
	android:exported
		ADDED from src\main\AndroidManifest.xml:59:13-36
	android:name
		ADDED from src\main\AndroidManifest.xml:58:13-74
intent-filter#action:name:android.intent.action.SEARCH
ADDED from src\main\AndroidManifest.xml:63:13-65:29
action#android.intent.action.SEARCH
ADDED from src\main\AndroidManifest.xml:64:17-71
	android:name
		ADDED from src\main\AndroidManifest.xml:64:25-68
meta-data#android.app.searchable
ADDED from src\main\AndroidManifest.xml:67:13-69:54
	android:resource
		ADDED from src\main\AndroidManifest.xml:69:17-51
	android:name
		ADDED from src\main\AndroidManifest.xml:68:17-54
intent-filter#action:name:com.google.android.gm.action.AUTO_SEND+category:name:android.intent.category.DEFAULT+data:mimeType:*/*
ADDED from src\main\AndroidManifest.xml:71:13-77:29
action#com.google.android.gm.action.AUTO_SEND
ADDED from src\main\AndroidManifest.xml:72:17-81
	android:name
		ADDED from src\main\AndroidManifest.xml:72:25-78
category#android.intent.category.DEFAULT
ADDED from src\main\AndroidManifest.xml:74:17-76
	android:name
		ADDED from src\main\AndroidManifest.xml:74:27-73
data
ADDED from src\main\AndroidManifest.xml:76:17-48
	android:scheme
		ADDED from src\main\AndroidManifest.xml:98:23-47
	android:mimeType
		ADDED from src\main\AndroidManifest.xml:76:23-45
intent-filter#action:name:android.intent.action.SEND+category:name:android.intent.category.DEFAULT+data:mimeType:*/*
ADDED from src\main\AndroidManifest.xml:78:13-84:29
action#android.intent.action.SEND
ADDED from src\main\AndroidManifest.xml:79:17-69
	android:name
		ADDED from src\main\AndroidManifest.xml:79:25-66
intent-filter#action:name:android.intent.action.SEND_MULTIPLE+category:name:android.intent.category.DEFAULT+data:mimeType:*/*
ADDED from src\main\AndroidManifest.xml:85:13-91:29
action#android.intent.action.SEND_MULTIPLE
ADDED from src\main\AndroidManifest.xml:86:17-78
	android:name
		ADDED from src\main\AndroidManifest.xml:86:25-75
intent-filter#action:name:android.intent.action.VIEW+category:name:android.intent.category.BROWSABLE+category:name:android.intent.category.DEFAULT+data:scheme:hashtag
ADDED from src\main\AndroidManifest.xml:92:13-99:29
action#android.intent.action.VIEW
ADDED from src\main\AndroidManifest.xml:93:17-69
	android:name
		ADDED from src\main\AndroidManifest.xml:93:25-66
category#android.intent.category.BROWSABLE
ADDED from src\main\AndroidManifest.xml:96:17-78
	android:name
		ADDED from src\main\AndroidManifest.xml:96:27-75
activity#com.absolute.android.notescentral.AboutActivity
ADDED from src\main\AndroidManifest.xml:101:9-104:46
	android:label
		ADDED from src\main\AndroidManifest.xml:103:13-57
	android:launchMode
		ADDED from src\main\AndroidManifest.xml:104:13-43
	android:name
		ADDED from src\main\AndroidManifest.xml:102:13-75
activity#com.absolute.android.notescentral.GalleryActivity
ADDED from src\main\AndroidManifest.xml:105:9-108:71
	android:configChanges
		ADDED from src\main\AndroidManifest.xml:107:13-74
	android:theme
		ADDED from src\main\AndroidManifest.xml:108:13-68
	android:name
		ADDED from src\main\AndroidManifest.xml:106:13-77
activity#com.absolute.android.notescentral.CategoryActivity
ADDED from src\main\AndroidManifest.xml:109:9-117:20
	android:parentActivityName
		ADDED from src\main\AndroidManifest.xml:112:13-88
	android:label
		ADDED from src\main\AndroidManifest.xml:111:13-60
	android:theme
		ADDED from src\main\AndroidManifest.xml:113:13-73
	android:name
		ADDED from src\main\AndroidManifest.xml:110:13-78
meta-data#android.support.PARENT_ACTIVITY
ADDED from src\main\AndroidManifest.xml:114:13-116:82
	android:value
		ADDED from src\main\AndroidManifest.xml:116:17-79
	android:name
		ADDED from src\main\AndroidManifest.xml:115:17-63
activity#com.absolute.android.notescentral.SettingsActivity
ADDED from src\main\AndroidManifest.xml:118:9-126:20
	android:parentActivityName
		ADDED from src\main\AndroidManifest.xml:121:13-88
	android:label
		ADDED from src\main\AndroidManifest.xml:120:13-45
	android:name
		ADDED from src\main\AndroidManifest.xml:119:13-78
activity#com.absolute.android.notescentral.PasswordActivity
ADDED from src\main\AndroidManifest.xml:127:9-130:70
	android:windowSoftInputMode
		ADDED from src\main\AndroidManifest.xml:130:13-67
	android:theme
		ADDED from src\main\AndroidManifest.xml:129:13-65
	android:name
		ADDED from src\main\AndroidManifest.xml:128:13-78
activity#com.absolute.android.notescentral.SnoozeActivity
ADDED from src\main\AndroidManifest.xml:132:9-137:63
	android:excludeFromRecents
		ADDED from src\main\AndroidManifest.xml:134:13-46
	android:launchMode
		ADDED from src\main\AndroidManifest.xml:135:13-48
	android:noHistory
		ADDED from src\main\AndroidManifest.xml:136:13-37
	android:theme
		ADDED from src\main\AndroidManifest.xml:137:13-60
	android:name
		ADDED from src\main\AndroidManifest.xml:133:13-76
activity#com.absolute.android.notescentral.ShortcutActivity
ADDED from src\main\AndroidManifest.xml:138:9-147:20
	android:label
		ADDED from src\main\AndroidManifest.xml:141:13-45
	android:icon
		ADDED from src\main\AndroidManifest.xml:140:13-51
	android:name
		ADDED from src\main\AndroidManifest.xml:139:13-78
intent-filter#action:name:android.intent.action.CREATE_SHORTCUT+category:name:android.intent.category.DEFAULT
ADDED from src\main\AndroidManifest.xml:142:13-146:29
action#android.intent.action.CREATE_SHORTCUT
ADDED from src\main\AndroidManifest.xml:143:17-80
	android:name
		ADDED from src\main\AndroidManifest.xml:143:25-77
activity#com.absolute.android.notescentral.StatsActivity
ADDED from src\main\AndroidManifest.xml:148:9-150:67
	android:theme
		ADDED from src\main\AndroidManifest.xml:150:13-64
	android:name
		ADDED from src\main\AndroidManifest.xml:149:13-75
activity#com.absolute.android.notescentral.NoteInfosActivity
ADDED from src\main\AndroidManifest.xml:151:9-153:67
	android:theme
		ADDED from src\main\AndroidManifest.xml:153:13-64
	android:name
		ADDED from src\main\AndroidManifest.xml:152:13-79
receiver#com.absolute.android.notescentral.receiver.AlarmReceiver
ADDED from src\main\AndroidManifest.xml:154:9-93
	android:name
		ADDED from src\main\AndroidManifest.xml:154:19-90
receiver#com.absolute.android.notescentral.receiver.BootCompleteReceiver
ADDED from src\main\AndroidManifest.xml:155:9-164:20
	android:enabled
		ADDED from src\main\AndroidManifest.xml:157:13-35
	android:label
		ADDED from src\main\AndroidManifest.xml:159:13-49
	android:exported
		ADDED from src\main\AndroidManifest.xml:158:13-37
	android:permission
		ADDED from src\main\AndroidManifest.xml:160:13-75
	android:name
		ADDED from src\main\AndroidManifest.xml:156:13-91
intent-filter#action:name:android.intent.action.BOOT_COMPLETED
ADDED from src\main\AndroidManifest.xml:161:13-163:29
action#android.intent.action.BOOT_COMPLETED
ADDED from src\main\AndroidManifest.xml:162:17-79
	android:name
		ADDED from src\main\AndroidManifest.xml:162:25-76
service#com.absolute.android.notescentral.async.AlarmRestoreOnRebootService
ADDED from src\main\AndroidManifest.xml:165:9-167:72
	android:permission
		ADDED from src\main\AndroidManifest.xml:167:13-69
	android:name
		ADDED from src\main\AndroidManifest.xml:166:13-95
service#com.absolute.android.notescentral.services.NotificationListener
ADDED from src\main\AndroidManifest.xml:168:9-175:19
	android:label
		ADDED from src\main\AndroidManifest.xml:170:13-45
	android:permission
		ADDED from src\main\AndroidManifest.xml:171:13-87
	android:name
		ADDED from src\main\AndroidManifest.xml:169:13-91
intent-filter#action:name:android.service.notification.NotificationListenerService
ADDED from src\main\AndroidManifest.xml:172:13-174:29
action#android.service.notification.NotificationListenerService
ADDED from src\main\AndroidManifest.xml:173:17-99
	android:name
		ADDED from src\main\AndroidManifest.xml:173:25-96
service#com.absolute.android.notescentral.async.DataBackupIntentService
ADDED from src\main\AndroidManifest.xml:176:9-99
	android:name
		ADDED from src\main\AndroidManifest.xml:176:18-96
activity#com.absolute.android.notescentral.widget.WidgetConfigurationActivity
ADDED from src\main\AndroidManifest.xml:177:9-183:20
	android:theme
		ADDED from src\main\AndroidManifest.xml:179:13-64
	android:name
		ADDED from src\main\AndroidManifest.xml:178:13-96